root - WARNING - [youtube] VqSPOZzN6D4: Downloading webpage
[download] Destination: D:\Downloads\Moha La Squale - Ma Rue N'est Pas À Vendre _ A COLORS SHOW.m4a

[download]   0.0% of 2.65MiB at Unknown speed ETA Unknown ETA
[download]   0.1% of 2.65MiB at Unknown speed ETA Unknown ETA
[download]   0.3% of 2.65MiB at Unknown speed ETA Unknown ETA
[download]   0.6% of 2.65MiB at Unknown speed ETA Unknown ETA
[download]   1.1% of 2.65MiB at Unknown speed ETA Unknown ETA
[download]   2.3% of 2.65MiB at Unknown speed ETA Unknown ETA
[download]   4.7% of 2.65MiB at  7.92MiB/s ETA 00:00         
[download]   9.4% of 2.65MiB at 15.91MiB/s ETA 00:00         
[download]  18.8% of 2.65MiB at 10.64MiB/s ETA 00:00         
[download]  37.6% of 2.65MiB at 12.78MiB/s ETA 00:00         
[download]  75.3% of 2.65MiB at  2.73MiB/s ETA 00:00         
[download] 100.0% of 2.65MiB at  3.54MiB/s ETA 00:00         
[download] 100% of 2.65MiB in 00:00                          
[ffmpeg] Correcting container in "D:\Downloads\Moha La Squale - Ma Rue N'est Pas À Vendre _ A COLORS SHOW.m4a"

root - WARNING - The file couldn't be downloaded with error code : 'list' n'est pas reconnu en tant que commande interne
ou externe, un programme ex‚cutable ou un fichier de commandes.
'start_radio' n'est pas reconnu en tant que commande interne
ou externe, un programme ex‚cutable ou un fichier de commandes.

root - WARNING - [youtube] VqSPOZzN6D4: Downloading webpage
[download] D:\Downloads\Moha La Squale - Ma Rue N'est Pas À Vendre _ A COLORS SHOW.m4a has already been downloaded

[download] 100% of 2.65MiB
[ffmpeg] Correcting container in "D:\Downloads\Moha La Squale - Ma Rue N'est Pas À Vendre _ A COLORS SHOW.m4a"

root - WARNING - Download : 100% of 2.65MiB
root - WARNING - ['Download : 100% of 2.65MiB']
root - WARNING - [youtube] VqSPOZzN6D4: Downloading webpage
[download] Destination: D:\Downloads\Moha La Squale - Ma Rue N'est Pas À Vendre _ A COLORS SHOW.f137.mp4

[download]   0.0% of 22.81MiB at Unknown speed ETA Unknown ETA
[download]   0.0% of 22.81MiB at Unknown speed ETA Unknown ETA
[download]   0.0% of 22.81MiB at Unknown speed ETA Unknown ETA
[download]   0.1% of 22.81MiB at Unknown speed ETA Unknown ETA
[download]   0.1% of 22.81MiB at Unknown speed ETA Unknown ETA
[download]   0.3% of 22.81MiB at Unknown speed ETA Unknown ETA
[download]   0.5% of 22.81MiB at  7.94MiB/s ETA 00:02         
[download]   1.1% of 22.81MiB at 15.93MiB/s ETA 00:01         
[download]   2.2% of 22.81MiB at 10.64MiB/s ETA 00:02         
[download]   4.4% of 22.81MiB at 15.98MiB/s ETA 00:01         
[download]   8.8% of 22.81MiB at 15.20MiB/s ETA 00:01         
[download]  17.5% of 22.81MiB at 16.16MiB/s ETA 00:01         
[download]  35.1% of 22.81MiB at 13.30MiB/s ETA 00:01         
[download]  43.3% of 22.81MiB at  8.83MiB/s ETA 00:01         
[download]  43.3% of 22.81MiB at Unknown speed ETA Unknown ETA
[download]  43.3% of 22.81MiB at Unknown speed ETA Unknown ETA
[download]  43.3% of 22.81MiB at Unknown speed ETA Unknown ETA
[download]  43.4% of 22.81MiB at Unknown speed ETA Unknown ETA
[download]  43.5% of 22.81MiB at  1.94MiB/s ETA 00:06         
[download]  43.6% of 22.81MiB at  2.60MiB/s ETA 00:04         
[download]  43.9% of 22.81MiB at 966.57KiB/s ETA 00:13        
[download]  44.4% of 22.81MiB at  1.90MiB/s ETA 00:06         
[download]  45.5% of 22.81MiB at  3.39MiB/s ETA 00:03         
[download]  47.7% of 22.81MiB at  5.91MiB/s ETA 00:02         
[download]  52.1% of 22.81MiB at  9.25MiB/s ETA 00:01         
[download]  60.8% of 22.81MiB at  8.24MiB/s ETA 00:01         
[download]  78.4% of 22.81MiB at  9.60MiB/s ETA 00:00         
[download]  85.4% of 22.81MiB at  6.69MiB/s ETA 00:00         
[download]  85.4% of 22.81MiB at Unknown speed ETA Unknown ETA
[download]  85.4% of 22.81MiB at Unknown speed ETA Unknown ETA
[download]  85.4% of 22.81MiB at Unknown speed ETA Unknown ETA
[download]  85.4% of 22.81MiB at Unknown speed ETA Unknown ETA
[download]  85.5% of 22.81MiB at Unknown speed ETA Unknown ETA
[download]  85.6% of 22.81MiB at Unknown speed ETA Unknown ETA
[download]  85.9% of 22.81MiB at  7.92MiB/s ETA 00:00         
[download]  86.5% of 22.81MiB at 15.91MiB/s ETA 00:00         
[download]  87.6% of 22.81MiB at 15.97MiB/s ETA 00:00         
[download]  89.8% of 22.81MiB at  2.49MiB/s ETA 00:00         
[download]  94.1% of 22.81MiB at  4.31MiB/s ETA 00:00         
[download] 100.0% of 22.81MiB at  6.26MiB/s ETA 00:00         
[download] 100% of 22.81MiB in 00:03                          
[download] Destination: D:\Downloads\Moha La Squale - Ma Rue N'est Pas À Vendre _ A COLORS SHOW.f140.m4a

[download]   0.0% of 2.65MiB at 64.12KiB/s ETA 00:42
[download]   0.1% of 2.65MiB at 192.35KiB/s ETA 00:14
[download]   0.3% of 2.65MiB at 448.81KiB/s ETA 00:06
[download]   0.6% of 2.65MiB at 961.73KiB/s ETA 00:02
[download]   1.1% of 2.65MiB at  1.94MiB/s ETA 00:01 
[download]   2.3% of 2.65MiB at  3.94MiB/s ETA 00:00 
[download]   4.7% of 2.65MiB at  7.95MiB/s ETA 00:00 
[download]   9.4% of 2.65MiB at  7.97MiB/s ETA 00:00 
[download]  18.8% of 2.65MiB at 13.21MiB/s ETA 00:00 
[download]  37.6% of 2.65MiB at 11.80MiB/s ETA 00:00 
[download]  75.3% of 2.65MiB at 15.20MiB/s ETA 00:00 
[download] 100.0% of 2.65MiB at 17.27MiB/s ETA 00:00 
[download] 100% of 2.65MiB in 00:00                  
[ffmpeg] Merging formats into "D:\Downloads\Moha La Squale - Ma Rue N'est Pas À Vendre _ A COLORS SHOW.mp4"
Deleting original file D:\Downloads\Moha La Squale - Ma Rue N'est Pas À Vendre _ A COLORS SHOW.f137.mp4 (pass -k to keep)
Deleting original file D:\Downloads\Moha La Squale - Ma Rue N'est Pas À Vendre _ A COLORS SHOW.f140.m4a (pass -k to keep)

root - WARNING - Download : 100% of 22.81MiB in 00:03
root - WARNING - Download : 100% of 2.65MiB in 00:00
root - WARNING - Destination: D:\Downloads\Moha La Squale - Ma Rue N'est Pas À Vendre _ A COLORS SHOW.mp4
root - WARNING - ['Download : 100% of 22.81MiB in 00:03', 'Download : 100% of 2.65MiB in 00:00', "Destination: D:\\Downloads\\Moha La Squale - Ma Rue N'est Pas À Vendre _ A COLORS SHOW.mp4"]
